<?xml version="1.0" encoding="UTF-8"?>
<coverage generated="1603321997316" clover="3.2.0">
  <project timestamp="1603321997316" name="All files">
    <metrics statements="12" coveredstatements="9" conditionals="2" coveredconditionals="1" methods="5" coveredmethods="3" elements="19" coveredelements="13" complexity="0" loc="12" ncloc="12" packages="1" files="2" classes="2"/>
    <file name="categories.collection.js" path="/Users/lamibeach/codefellows/401/api-server/models/category/categories.collection.js">
      <metrics statements="9" coveredstatements="6" conditionals="2" coveredconditionals="1" methods="5" coveredmethods="3"/>
      <line num="6" count="1" type="stmt"/>
      <line num="10" count="1" type="cond" truecount="1" falsecount="1"/>
      <line num="11" count="0" type="stmt"/>
      <line num="13" count="1" type="stmt"/>
      <line num="18" count="1" type="stmt"/>
      <line num="19" count="1" type="stmt"/>
      <line num="23" count="0" type="stmt"/>
      <line num="27" count="0" type="stmt"/>
      <line num="31" count="1" type="stmt"/>
    </file>
    <file name="categories.schema.js" path="/Users/lamibeach/codefellows/401/api-server/models/category/categories.schema.js">
      <metrics statements="3" coveredstatements="3" conditionals="0" coveredconditionals="0" methods="0" coveredmethods="0"/>
      <line num="2" count="1" type="stmt"/>
      <line num="4" count="1" type="stmt"/>
      <line num="11" count="1" type="stmt"/>
    </file>
  </project>
</coverage>
