{"/Users/lamibeach/codefellows/401/api-server/models/category/categories.collection.js": {"path":"/Users/lamibeach/codefellows/401/api-server/models/category/categories.collection.js","statementMap":{"0":{"start":{"line":6,"column":8},"end":{"line":6,"column":54}},"1":{"start":{"line":10,"column":8},"end":{"line":14,"column":9}},"2":{"start":{"line":11,"column":10},"end":{"line":11,"column":47}},"3":{"start":{"line":13,"column":10},"end":{"line":13,"column":38}},"4":{"start":{"line":18,"column":23},"end":{"line":18,"column":51}},"5":{"start":{"line":19,"column":8},"end":{"line":19,"column":29}},"6":{"start":{"line":23,"column":8},"end":{"line":23,"column":70}},"7":{"start":{"line":27,"column":8},"end":{"line":27,"column":49}},"8":{"start":{"line":31,"column":0},"end":{"line":31,"column":31}}},"fnMap":{"0":{"name":"(anonymous_0)","decl":{"start":{"line":5,"column":4},"end":{"line":5,"column":5}},"loc":{"start":{"line":5,"column":17},"end":{"line":8,"column":5}},"line":5},"1":{"name":"(anonymous_1)","decl":{"start":{"line":9,"column":4},"end":{"line":9,"column":5}},"loc":{"start":{"line":9,"column":13},"end":{"line":15,"column":7}},"line":9},"2":{"name":"(anonymous_2)","decl":{"start":{"line":17,"column":6},"end":{"line":17,"column":7}},"loc":{"start":{"line":17,"column":26},"end":{"line":20,"column":7}},"line":17},"3":{"name":"(anonymous_3)","decl":{"start":{"line":22,"column":6},"end":{"line":22,"column":7}},"loc":{"start":{"line":22,"column":27},"end":{"line":24,"column":7}},"line":22},"4":{"name":"(anonymous_4)","decl":{"start":{"line":26,"column":6},"end":{"line":26,"column":7}},"loc":{"start":{"line":26,"column":17},"end":{"line":28,"column":7}},"line":26}},"branchMap":{"0":{"loc":{"start":{"line":10,"column":8},"end":{"line":14,"column":9}},"type":"if","locations":[{"start":{"line":10,"column":8},"end":{"line":14,"column":9}},{"start":{"line":10,"column":8},"end":{"line":14,"column":9}}],"line":10}},"s":{"0":1,"1":1,"2":0,"3":1,"4":1,"5":1,"6":0,"7":0,"8":1},"f":{"0":1,"1":1,"2":1,"3":0,"4":0},"b":{"0":[0,1]},"_coverageSchema":"1a1c01bbd47fc00a2c39e90264f33305004495a9","hash":"f1588e4e950506ffda7068e43b4def66025d38c5"}
,"/Users/lamibeach/codefellows/401/api-server/models/category/categories.schema.js": {"path":"/Users/lamibeach/codefellows/401/api-server/models/category/categories.schema.js","statementMap":{"0":{"start":{"line":2,"column":17},"end":{"line":2,"column":36}},"1":{"start":{"line":4,"column":23},"end":{"line":9,"column":2}},"2":{"start":{"line":11,"column":0},"end":{"line":11,"column":62}}},"fnMap":{},"branchMap":{},"s":{"0":1,"1":1,"2":1},"f":{},"b":{},"_coverageSchema":"1a1c01bbd47fc00a2c39e90264f33305004495a9","hash":"5d1709d76697125f5b43e2bb05a619248f87332f"}
}
