TN:
SF:lib/server.js
FN:19,(anonymous_0)
FN:23,(anonymous_1)
FN:28,(anonymous_2)
FN:38,(anonymous_3)
FN:49,(anonymous_4)
FN:53,(anonymous_5)
FN:58,(anonymous_6)
FN:66,(anonymous_7)
FN:84,(anonymous_8)
FN:86,(anonymous_9)
FNF:10
FNH:3
FNDA:1,(anonymous_0)
FNDA:1,(anonymous_1)
FNDA:1,(anonymous_2)
FNDA:0,(anonymous_3)
FNDA:0,(anonymous_4)
FNDA:0,(anonymous_5)
FNDA:0,(anonymous_6)
FNDA:0,(anonymous_7)
FNDA:0,(anonymous_8)
FNDA:0,(anonymous_9)
DA:3,1
DA:4,1
DA:5,1
DA:6,1
DA:7,1
DA:8,1
DA:12,1
DA:13,1
DA:14,1
DA:16,1
DA:17,1
DA:19,1
DA:20,1
DA:23,1
DA:24,1
DA:25,1
DA:28,1
DA:29,1
DA:30,1
DA:31,0
DA:34,0
DA:38,1
DA:39,0
DA:40,0
DA:41,0
DA:44,0
DA:49,1
DA:50,0
DA:53,1
DA:54,0
DA:55,0
DA:58,1
DA:59,0
DA:60,0
DA:61,0
DA:66,1
DA:67,0
DA:68,0
DA:69,0
DA:78,1
DA:79,1
DA:82,1
DA:85,0
DA:86,0
LF:44
LH:27
BRDA:30,0,0,0
BRDA:30,0,1,0
BRDA:40,1,0,0
BRDA:40,1,1,0
BRDA:60,2,0,0
BRDA:60,2,1,0
BRDA:68,3,0,0
BRDA:68,3,1,0
BRDA:85,4,0,0
BRDA:85,4,1,0
BRDA:85,4,2,0
BRF:11
BRH:0
end_of_record
TN:
SF:middlewaare/404.js
FN:3,notFound
FNF:1
FNH:0
FNDA:0,notFound
DA:4,0
DA:7,1
LF:2
LH:1
BRF:0
BRH:0
end_of_record
TN:
SF:middlewaare/500.js
FN:3,serverError
FNF:1
FNH:0
FNDA:0,serverError
DA:4,0
DA:7,1
LF:2
LH:1
BRF:0
BRH:0
end_of_record
TN:
SF:middlewaare/logger.js
FN:3,loggingMiddleware
FNF:1
FNH:1
FNDA:3,loggingMiddleware
DA:4,3
DA:6,3
DA:9,1
LF:3
LH:3
BRF:0
BRH:0
end_of_record
TN:
SF:middlewaare/timestamp.js
FN:3,timestamp
FNF:1
FNH:1
FNDA:3,timestamp
DA:4,3
DA:6,3
DA:7,3
DA:10,3
DA:11,3
DA:14,1
LF:6
LH:6
BRDA:10,0,0,0
BRDA:10,0,1,3
BRDA:10,1,0,0
BRDA:10,1,1,3
BRF:4
BRH:2
end_of_record
